c:\users\yannick\desktop\raytracingascuda - kopie (2)\raytracingascuda\x64\release\vc143.pdb
c:\users\yannick\desktop\raytracingascuda - kopie (2)\raytracingascuda\x64\release\utils.obj
c:\users\yannick\desktop\raytracingascuda - kopie (2)\raytracingascuda\x64\release\timer.obj
c:\users\yannick\desktop\raytracingascuda - kopie (2)\raytracingascuda\x64\release\main.obj
c:\users\yannick\desktop\raytracingascuda - kopie (2)\raytracingascuda\x64\release\renderer.obj
c:\users\yannick\desktop\raytracingascuda - kopie (2)\raytracingascuda\x64\release\scenegraph.obj
c:\users\yannick\desktop\raytracingascuda - kopie (2)\raytracingascuda\x64\release\primitivetypes.obj
c:\users\yannick\desktop\raytracingascuda - kopie (2)\raytracingascuda\x64\release\material.obj
c:\users\yannick\desktop\raytracingascuda - kopie (2)\raytracingascuda\x64\release\fvector4.obj
c:\users\yannick\desktop\raytracingascuda - kopie (2)\raytracingascuda\x64\release\fvector3.obj
c:\users\yannick\desktop\raytracingascuda - kopie (2)\raytracingascuda\x64\release\benchmarker.obj
c:\users\yannick\desktop\raytracingascuda - kopie (2)\raytracingascuda\x64\release\brdf.cu.obj
c:\users\yannick\desktop\raytracingascuda - kopie (2)\raytracingascuda\x64\release\light.cu.obj
c:\users\yannick\desktop\raytracingascuda - kopie (2)\raytracingascuda\x64\release\raytrace.cu.obj
c:\users\yannick\desktop\raytracingascuda - kopie (2)\x64\release\raytracingascuda.exe
c:\users\yannick\desktop\raytracingascuda - kopie (2)\x64\release\raytracingascuda.pdb
c:\users\yannick\desktop\raytracingascuda - kopie (2)\raytracingascuda\x64\release\raytracingascuda.iobj
c:\users\yannick\desktop\raytracingascuda - kopie (2)\x64\release\raytracingascuda.lib
c:\users\yannick\desktop\raytracingascuda - kopie (2)\x64\release\raytracingascuda.exp
c:\users\yannick\desktop\raytracingascuda - kopie (2)\raytracingascuda\x64\release\brdf.cu.cache
c:\users\yannick\desktop\raytracingascuda - kopie (2)\raytracingascuda\x64\release\light.cu.cache
c:\users\yannick\desktop\raytracingascuda - kopie (2)\raytracingascuda\x64\release\raytrace.cu.cache
c:\users\yannick\desktop\raytracingascuda - kopie (2)\raytracingascuda\x64\release\raytracingascuda.ipdb
c:\users\yannick\desktop\raytracingascuda - kopie (2)\raytracingascuda\x64\release\raytracingascuda.tlog\cl.command.1.tlog
c:\users\yannick\desktop\raytracingascuda - kopie (2)\raytracingascuda\x64\release\raytracingascuda.tlog\cl.read.1.tlog
c:\users\yannick\desktop\raytracingascuda - kopie (2)\raytracingascuda\x64\release\raytracingascuda.tlog\cl.write.1.tlog
c:\users\yannick\desktop\raytracingascuda - kopie (2)\raytracingascuda\x64\release\raytracingascuda.tlog\cudacompile.read.1u.tlog
c:\users\yannick\desktop\raytracingascuda - kopie (2)\raytracingascuda\x64\release\raytracingascuda.tlog\cudacompile.write.1u.tlog
c:\users\yannick\desktop\raytracingascuda - kopie (2)\raytracingascuda\x64\release\raytracingascuda.tlog\link.command.1.tlog
c:\users\yannick\desktop\raytracingascuda - kopie (2)\raytracingascuda\x64\release\raytracingascuda.tlog\link.read.1.tlog
c:\users\yannick\desktop\raytracingascuda - kopie (2)\raytracingascuda\x64\release\raytracingascuda.tlog\link.write.1.tlog
c:\users\yannick\desktop\raytracingascuda - kopie (2)\raytracingascuda\x64\release\raytracingascuda.tlog\raytracingascuda.write.1u.tlog
