c:\users\yannick\desktop\raytracingascuda\raytracingascuda\x64\debug\vc143.pdb
c:\users\yannick\desktop\raytracingascuda\raytracingascuda\x64\debug\vc143.idb
c:\users\yannick\desktop\raytracingascuda\raytracingascuda\x64\debug\utils.obj
c:\users\yannick\desktop\raytracingascuda\raytracingascuda\x64\debug\timer.obj
c:\users\yannick\desktop\raytracingascuda\raytracingascuda\x64\debug\main.obj
c:\users\yannick\desktop\raytracingascuda\raytracingascuda\x64\debug\renderer.obj
c:\users\yannick\desktop\raytracingascuda\raytracingascuda\x64\debug\scenegraph.obj
c:\users\yannick\desktop\raytracingascuda\raytracingascuda\x64\debug\primitivetypes.obj
c:\users\yannick\desktop\raytracingascuda\raytracingascuda\x64\debug\material.obj
c:\users\yannick\desktop\raytracingascuda\raytracingascuda\x64\debug\fvector4.obj
c:\users\yannick\desktop\raytracingascuda\raytracingascuda\x64\debug\fvector3.obj
c:\users\yannick\desktop\raytracingascuda\raytracingascuda\x64\debug\benchmarker.obj
c:\users\yannick\desktop\raytracingascuda\raytracingascuda\x64\debug\brdf.cu.obj
c:\users\yannick\desktop\raytracingascuda\raytracingascuda\x64\debug\light.cu.obj
c:\users\yannick\desktop\raytracingascuda\raytracingascuda\x64\debug\raytrace.cu.obj
c:\users\yannick\desktop\raytracingascuda\raytracingascuda\x64\debug\raytracingascuda.ilk
c:\users\yannick\desktop\raytracingascuda\x64\debug\raytracingascuda.exe
c:\users\yannick\desktop\raytracingascuda\x64\debug\raytracingascuda.pdb
c:\users\yannick\desktop\raytracingascuda\x64\debug\raytracingascuda.lib
c:\users\yannick\desktop\raytracingascuda\x64\debug\raytracingascuda.exp
c:\users\yannick\desktop\raytracingascuda\raytracingascuda\x64\debug\brdf.cu.cache
c:\users\yannick\desktop\raytracingascuda\raytracingascuda\x64\debug\light.cu.cache
c:\users\yannick\desktop\raytracingascuda\raytracingascuda\x64\debug\raytrace.cu.cache
c:\users\yannick\desktop\raytracingascuda\raytracingascuda\x64\debug\raytracingascuda.tlog\cl.command.1.tlog
c:\users\yannick\desktop\raytracingascuda\raytracingascuda\x64\debug\raytracingascuda.tlog\cl.read.1.tlog
c:\users\yannick\desktop\raytracingascuda\raytracingascuda\x64\debug\raytracingascuda.tlog\cl.write.1.tlog
c:\users\yannick\desktop\raytracingascuda\raytracingascuda\x64\debug\raytracingascuda.tlog\cudacompile.read.1u.tlog
c:\users\yannick\desktop\raytracingascuda\raytracingascuda\x64\debug\raytracingascuda.tlog\cudacompile.write.1u.tlog
c:\users\yannick\desktop\raytracingascuda\raytracingascuda\x64\debug\raytracingascuda.tlog\link.command.1.tlog
c:\users\yannick\desktop\raytracingascuda\raytracingascuda\x64\debug\raytracingascuda.tlog\link.read.1.tlog
c:\users\yannick\desktop\raytracingascuda\raytracingascuda\x64\debug\raytracingascuda.tlog\link.write.1.tlog
c:\users\yannick\desktop\raytracingascuda\raytracingascuda\x64\debug\raytracingascuda.tlog\raytracingascuda.write.1u.tlog
